<?xml version="1.0" encoding="utf-8"?><testsuites name="pytest tests"><testsuite name="pytest" errors="0" failures="0" skipped="0" tests="6" time="8.193" timestamp="2026-05-15T06:32:45.709955+00:00" hostname="agent-env-cb895bf8-bea7-43f5-83ab-7fb56c0cb85f"><testcase classname="backend.tests.test_api" name="test_root" time="0.244" /><testcase classname="backend.tests.test_api" name="test_stats" time="0.176" /><testcase classname="backend.tests.test_api" name="test_create_and_list_inquiry" time="0.299" /><testcase classname="backend.tests.test_api" name="test_create_and_list_consultation" time="0.243" /><testcase classname="backend.tests.test_api" name="test_chat_and_history" time="6.873" /><testcase classname="backend.tests.test_api" name="test_inquiry_bad_email" time="0.164" /></testsuite></testsuites>